2013-10-02 22:46:10.496 AMS App[79822:c07] Multi-tasking -> Device: YES, App: YES
2013-10-02 22:46:10.798 AMS App[79822:c07] Resetting plugins due to page load.
2013-10-02 22:46:10.919 AMS App[79822:c07] Finished load of: file:///Users/joey/Library/Application%20Support/iPhone%20Simulator/6.1/Applications/8186F1B7-3294-4D84-B644-43E6F4198C62/AMS%20App.app/www/index.html
2013-10-02 22:50:15.459 AMS App[82740:c07] Multi-tasking -> Device: YES, App: YES
2013-10-02 22:50:15.542 AMS App[82740:c07] Resetting plugins due to page load.
2013-10-02 22:50:15.669 AMS App[82740:c07] ERROR: Plugin 'Device' not found, or is not a CDVPlugin. Check your plugin mapping in config.xml.
2013-10-02 22:50:15.670 AMS App[82740:c07] -[CDVCommandQueue executePending] [Line 116] FAILED pluginJSON = [
  "Device1651028597",
  "Device",
  "getDeviceInfo",
  [

  ]
]
2013-10-02 22:50:15.671 AMS App[82740:c07] ERROR: Plugin 'NetworkStatus' not found, or is not a CDVPlugin. Check your plugin mapping in config.xml.
2013-10-02 22:50:15.671 AMS App[82740:c07] -[CDVCommandQueue executePending] [Line 116] FAILED pluginJSON = [
  "NetworkStatus1651028598",
  "NetworkStatus",
  "getConnectionInfo",
  [

  ]
]
2013-10-02 22:50:15.796 AMS App[82740:c07] Finished load of: file:///Users/joey/Library/Application%20Support/iPhone%20Simulator/6.1/Applications/8186F1B7-3294-4D84-B644-43E6F4198C62/AMS%20App.app/www/index.html#/
2013-10-02 22:50:17.333 AMS App[82740:2703] ERROR whitelist rejection: url='http://api.ihackernews.com/page?uid=1380750617328'
2013-10-02 22:50:17.333 AMS App[82740:2703] ERROR whitelist rejection: url='http://api.ihackernews.com/page?uid=1380750617328'
2013-10-02 22:50:17.334 AMS App[82740:2703] ERROR whitelist rejection: url='http://api.ihackernews.com/page?uid=1380750617328'
2013-10-02 22:50:20.050 AMS App[82740:c07] ERROR whitelist rejection: url='http://api.ihackernews.com/page?uid=1380750620049'
2013-10-02 22:50:20.050 AMS App[82740:c07] ERROR whitelist rejection: url='http://api.ihackernews.com/page?uid=1380750620049'
2013-10-02 22:50:20.051 AMS App[82740:c07] ERROR whitelist rejection: url='http://api.ihackernews.com/page?uid=1380750620049'
2013-10-02 22:50:24.967 AMS App[82740:c07] ERROR: Plugin 'Geolocation' not found, or is not a CDVPlugin. Check your plugin mapping in config.xml.
2013-10-02 22:50:24.967 AMS App[82740:c07] -[CDVCommandQueue executePending] [Line 116] FAILED pluginJSON = [
  "Geolocation1651028599",
  "Geolocation",
  "getLocation",
  [
    false,
    0
  ]
]
2013-10-02 22:50:37.814 AMS App[82740:c07] ERROR whitelist rejection: url='http://api.ihackernews.com/page?uid=1380750637813'
2013-10-02 22:50:37.814 AMS App[82740:c07] ERROR whitelist rejection: url='http://api.ihackernews.com/page?uid=1380750637813'
2013-10-02 22:50:37.815 AMS App[82740:c07] ERROR whitelist rejection: url='http://api.ihackernews.com/page?uid=1380750637813'
2013-10-02 22:50:40.174 AMS App[82740:c07] ERROR: Plugin 'Geolocation' not found, or is not a CDVPlugin. Check your plugin mapping in config.xml.
2013-10-02 22:50:40.175 AMS App[82740:c07] -[CDVCommandQueue executePending] [Line 116] FAILED pluginJSON = [
  "Geolocation1651028600",
  "Geolocation",
  "getLocation",
  [
    false,
    0
  ]
]
2013-10-02 22:50:43.782 AMS App[82740:c07] ERROR: Plugin 'Accelerometer' not found, or is not a CDVPlugin. Check your plugin mapping in config.xml.
2013-10-02 22:50:43.783 AMS App[82740:c07] -[CDVCommandQueue executePending] [Line 116] FAILED pluginJSON = [
  "Accelerometer1651028601",
  "Accelerometer",
  "start",
  [

  ]
]
2013-10-02 22:50:49.472 AMS App[82740:c07] ERROR: Plugin 'Camera' not found, or is not a CDVPlugin. Check your plugin mapping in config.xml.
2013-10-02 22:50:49.472 AMS App[82740:c07] -[CDVCommandQueue executePending] [Line 116] FAILED pluginJSON = [
  "Camera1651028602",
  "Camera",
  "takePicture",
  [
    50,
    0,
    1,
    -1,
    -1,
    0,
    0,
    false,
    false,
    false,
    null,
    0
  ]
]
2013-10-02 22:50:58.060 AMS App[82740:c07] ERROR whitelist rejection: url='http://api.ihackernews.com/page?uid=1380750658060'
2013-10-02 22:50:58.061 AMS App[82740:c07] ERROR whitelist rejection: url='http://api.ihackernews.com/page?uid=1380750658060'
2013-10-02 22:50:58.062 AMS App[82740:c07] ERROR whitelist rejection: url='http://api.ihackernews.com/page?uid=1380750658060'
2013-10-02 22:51:03.547 AMS App[82740:c07] ERROR whitelist rejection: url='http://api.ihackernews.com/page?uid=1380750663547'
2013-10-02 22:51:03.548 AMS App[82740:c07] ERROR whitelist rejection: url='http://api.ihackernews.com/page?uid=1380750663547'
2013-10-02 22:51:03.548 AMS App[82740:c07] ERROR whitelist rejection: url='http://api.ihackernews.com/page?uid=1380750663547'
2013-10-02 22:51:06.951 AMS App[82740:c07] ERROR: Plugin 'Notification' not found, or is not a CDVPlugin. Check your plugin mapping in config.xml.
2013-10-02 22:51:06.952 AMS App[82740:c07] -[CDVCommandQueue executePending] [Line 116] FAILED pluginJSON = [
  "Notification1651028603",
  "Notification",
  "alert",
  [
    "Sample Alert",
    "My Alert",
    "Close"
  ]
]
2013-10-02 22:51:08.024 AMS App[82740:c07] ERROR: Plugin 'Media' not found, or is not a CDVPlugin. Check your plugin mapping in config.xml.
2013-10-02 22:51:08.024 AMS App[82740:c07] -[CDVCommandQueue executePending] [Line 116] FAILED pluginJSON = [
  "INVALID",
  "Media",
  "create",
  [
    "04c45cee-20c2-2703-312e-462fbe0de317",
    "beep.wav"
  ]
]
2013-10-02 22:51:08.025 AMS App[82740:c07] ERROR: Plugin 'Media' not found, or is not a CDVPlugin. Check your plugin mapping in config.xml.
2013-10-02 22:51:08.025 AMS App[82740:c07] -[CDVCommandQueue executePending] [Line 116] FAILED pluginJSON = [
  "INVALID",
  "Media",
  "startPlayingAudio",
  [
    "04c45cee-20c2-2703-312e-462fbe0de317",
    "beep.wav",
    null
  ]
]
2013-10-02 22:51:08.802 AMS App[82740:c07] ERROR: Plugin 'Notification' not found, or is not a CDVPlugin. Check your plugin mapping in config.xml.
2013-10-02 22:51:08.803 AMS App[82740:c07] -[CDVCommandQueue executePending] [Line 116] FAILED pluginJSON = [
  "Notification1651028604",
  "Notification",
  "confirm",
  [
    "My Confirmation",
    "Are you sure?",
    [
      "Ok",
      "Cancel"
    ]
  ]
]
2013-10-02 22:51:09.510 AMS App[82740:c07] ERROR: Plugin 'Notification' not found, or is not a CDVPlugin. Check your plugin mapping in config.xml.
2013-10-02 22:51:09.510 AMS App[82740:c07] -[CDVCommandQueue executePending] [Line 116] FAILED pluginJSON = [
  "INVALID",
  "Notification",
  "vibrate",
  [
    3000
  ]
]
2013-10-02 22:51:10.041 AMS App[82740:c07] ERROR: Plugin 'Notification' not found, or is not a CDVPlugin. Check your plugin mapping in config.xml.
2013-10-02 22:51:10.041 AMS App[82740:c07] -[CDVCommandQueue executePending] [Line 116] FAILED pluginJSON = [
  "INVALID",
  "Notification",
  "vibrate",
  [
    3000
  ]
]
2013-10-02 22:51:10.217 AMS App[82740:c07] ERROR: Plugin 'Notification' not found, or is not a CDVPlugin. Check your plugin mapping in config.xml.
2013-10-02 22:51:10.218 AMS App[82740:c07] -[CDVCommandQueue executePending] [Line 116] FAILED pluginJSON = [
  "INVALID",
  "Notification",
  "vibrate",
  [
    3000
  ]
]
2013-10-02 22:51:10.400 AMS App[82740:c07] ERROR: Plugin 'Notification' not found, or is not a CDVPlugin. Check your plugin mapping in config.xml.
2013-10-02 22:51:10.401 AMS App[82740:c07] -[CDVCommandQueue executePending] [Line 116] FAILED pluginJSON = [
  "INVALID",
  "Notification",
  "vibrate",
  [
    3000
  ]
]
2013-10-02 22:51:10.578 AMS App[82740:c07] ERROR: Plugin 'Notification' not found, or is not a CDVPlugin. Check your plugin mapping in config.xml.
2013-10-02 22:51:10.579 AMS App[82740:c07] -[CDVCommandQueue executePending] [Line 116] FAILED pluginJSON = [
  "INVALID",
  "Notification",
  "vibrate",
  [
    3000
  ]
]
Terminating in response to SpringBoard's termination.
